LNum 2022/08/23 04_printing_line_numbers_in_log_entries.go:25: Mastering Go, 3rd edition!
LNum 2022/08/23 09:34:18 04_printing_line_numbers_in_log_entries.go:27: Another log entry!
LNum 2022/08/23 04_printing_line_numbers_in_log_entries.go:25: Mastering Go, 3rd edition!
LNum 2022/08/23 09:34:26 04_printing_line_numbers_in_log_entries.go:27: Another log entry!
LNum 2022/08/23 04_printing_line_numbers_in_log_entries.go:25: Mastering Go, 3rd edition!
LNum 2022/08/23 09:34:38 04_printing_line_numbers_in_log_entries.go:27: Another log entry!
LNum 2022/08/23 04_printing_line_numbers_in_log_entries.go:25: Mastering Go, 3rd edition!
LNum 2022/08/23 09:35:33 04_printing_line_numbers_in_log_entries.go:27: Another log entry!
LNum 2022/08/23 04_printing_line_numbers_in_log_entries.go:32: Mastering Go, 3rd edition!
LNum 2022/08/23 09:38:50 04_printing_line_numbers_in_log_entries.go:34: Another log entry!
LNum 2022/08/23 04_printing_line_numbers_in_log_entries.go:32: Mastering Go, 3rd edition!
LNum 2022/08/23 09:38:57 04_printing_line_numbers_in_log_entries.go:34: Another log entry!
LNum 2022/08/23 04_printing_line_numbers_in_log_entries.go:32: Mastering Go, 3rd edition!
LNum 2022/08/23 09:39:02 04_printing_line_numbers_in_log_entries.go:34: Another log entry!
LNum 2022/08/23 04_printing_line_numbers_in_log_entries.go:32: Mastering Go, 3rd edition!
LNum 2022/08/23 09:39:32 04_printing_line_numbers_in_log_entries.go:34: Another log entry!
LNum 2022/08/23 04_printing_line_numbers_in_log_entries.go:32: Mastering Go, 3rd edition!
LNum 2022/08/23 09:39:37 04_printing_line_numbers_in_log_entries.go:34: Another log entry!
LNum 2022/08/23 04_printing_line_numbers_in_log_entries.go:32: Mastering Go, 3rd edition!
LNum 2022/08/23 09:39:52 04_printing_line_numbers_in_log_entries.go:34: Another log entry!
LNum 2022/08/23 04_printing_line_numbers_in_log_entries.go:32: Mastering Go, 3rd edition!
LNum 2022/08/23 09:40:12 04_printing_line_numbers_in_log_entries.go:34: Another log entry!
LNum 2022/08/23 04_printing_line_numbers_in_log_entries.go:32: Mastering Go, 3rd edition!
LNum 2022/08/23 09:40:17 04_printing_line_numbers_in_log_entries.go:34: Another log entry!
LNum 2022/08/23 04_printing_line_numbers_in_log_entries.go:32: Mastering Go, 3rd edition!
LNum 2022/08/23 09:40:30 04_printing_line_numbers_in_log_entries.go:34: Another log entry!
LNum 2022/08/23 04_printing_line_numbers_in_log_entries.go:32: Mastering Go, 3rd edition!
LNum 2022/08/23 09:40:41 04_printing_line_numbers_in_log_entries.go:34: Another log entry!
LNum 2022/08/23 04_printing_line_numbers_in_log_entries.go:32: Mastering Go, 3rd edition!
LNum 2022/08/23 09:40:47 04_printing_line_numbers_in_log_entries.go:34: Another log entry!
LNum 2022/08/23 04_printing_line_numbers_in_log_entries.go:32: Mastering Go, 3rd edition!
LNum 2022/08/23 09:41:05 04_printing_line_numbers_in_log_entries.go:34: Another log entry!
LNum 2022/08/23 04_printing_line_numbers_in_log_entries.go:32: Mastering Go, 3rd edition!
LNum 2022/08/23 09:41:15 04_printing_line_numbers_in_log_entries.go:34: Another log entry!
LNum 2022/08/23 04_printing_line_numbers_in_log_entries.go:32: Mastering Go, 3rd edition!
LNum 2022/08/23 09:41:54 04_printing_line_numbers_in_log_entries.go:34: Another log entry!
2022/08/23 04_printing_line_numbers_in_log_entries.go:32: LNum Mastering Go, 3rd edition!
LNum 2022/08/23 09:42:56 04_printing_line_numbers_in_log_entries.go:34: Another log entry!
2022/08/23 04_printing_line_numbers_in_log_entries.go:32: LNum Mastering Go, 3rd edition!
LNum 2022/08/23 09:43:02 04_printing_line_numbers_in_log_entries.go:34: Another log entry!
LNum 2022/08/23 04_printing_line_numbers_in_log_entries.go:32: Mastering Go, 3rd edition!
LNum 2022/08/23 09:43:32 04_printing_line_numbers_in_log_entries.go:34: Another log entry!
LNum 2022/08/23 04_printing_line_numbers_in_log_entries.go:32: Mastering Go, 3rd edition!
LNum 2022/08/23 09:43:35 04_printing_line_numbers_in_log_entries.go:34: Another log entry!
LNum 2022/08/23 04_printing_line_numbers_in_log_entries.go:32: Mastering Go, 3rd edition!
2022/08/23 09:44:15 04_printing_line_numbers_in_log_entries.go:34: LNum Another log entry!
LNum 2022/08/23 04_printing_line_numbers_in_log_entries.go:32: Mastering Go, 3rd edition!
LNum 2022/08/23 09:44:26 04_printing_line_numbers_in_log_entries.go:34: Another log entry!
LNum 2022/08/23 04_printing_line_numbers_in_log_entries.go:32: Mastering Go, 3rd edition!
LNum 2022/08/23 04_printing_line_numbers_in_log_entries.go:34: Another log entry!
LNum 2022/08/23 04_printing_line_numbers_in_log_entries.go:32: Mastering Go, 3rd edition!
LNum 2022/08/23 09:44:46 04_printing_line_numbers_in_log_entries.go:34: Another log entry!
LNum 2022/08/23 04_printing_line_numbers_in_log_entries.go:32: Mastering Go, 3rd edition!
LNum 2022/08/23 09:44:49 04_printing_line_numbers_in_log_entries.go:34: Another log entry!
LNum 2022/08/23 04_printing_line_numbers_in_log_entries.go:32: Mastering Go, 3rd edition!
LNum 2022/08/23 09:45:14 04_printing_line_numbers_in_log_entries.go:34: Another log entry!
LNum 2022/08/23 04_printing_line_numbers_in_log_entries.go:32: Mastering Go, 3rd edition!
LNum 2022/08/23 09:45:17 04_printing_line_numbers_in_log_entries.go:34: Another log entry!
LNum 2022/08/23 04_printing_line_numbers_in_log_entries.go:32: Mastering Go, 3rd edition!
2022/08/23 09:45:34 04_printing_line_numbers_in_log_entries.go:34: LNum Another log entry!
LNum 2022/08/23 04_printing_line_numbers_in_log_entries.go:32: Mastering Go, 3rd edition!
LNum 2022/08/23 09:46:02 04_printing_line_numbers_in_log_entries.go:34: Another log entry!
LNum 2022/08/23 09:46:12 04_printing_line_numbers_in_log_entries.go:33: Mastering Go, 3rd edition!
LNum 2022/08/23 09:46:12 04_printing_line_numbers_in_log_entries.go:35: Another log entry!
LNum 2022/08/23 04_printing_line_numbers_in_log_entries.go:32: Mastering Go, 3rd edition!
LNum 2022/08/23 09:46:22 04_printing_line_numbers_in_log_entries.go:35: Another log entry!
LNum 2022/08/23 04_printing_line_numbers_in_log_entries.go:31: Mastering Go, 3rd edition!
LNum 2022/08/23 09:47:07 04_printing_line_numbers_in_log_entries.go:35: Another log entry!
LNum 2022/08/23 04_printing_line_numbers_in_log_entries.go:31: Mastering Go, 3rd edition!
LNum 2022/08/23 09:48:40 /home/rafaelcb/Documentos/Projetos/random-study/golang/mastering_go/1_a_quick_introduction_to_go/2_logging_information/04_printing_line_numbers_in_log_entries.go:35: Another log entry!
LNum 2022/08/23 04_printing_line_numbers_in_log_entries.go:31: Mastering Go, 3rd edition!
LNum 2022/08/23 09:48:49 04_printing_line_numbers_in_log_entries.go:35: Another log entry!
LNum 2022/08/23 04_printing_line_numbers_in_log_entries.go:31: Mastering Go, 3rd edition!
LNum 2022/08/23 09:49:28 04_printing_line_numbers_in_log_entries.go:35: Another log entry!
LNum 2022/08/23 04_printing_line_numbers_in_log_entries.go:31: Mastering Go, 3rd edition!
LNum 2022/08/23 09:49:31 04_printing_line_numbers_in_log_entries.go:35: Another log entry!
LNum 2022/08/23 04_printing_line_numbers_in_log_entries.go:31: Mastering Go, 3rd edition!
LNum 2022/08/23 09:49:32 04_printing_line_numbers_in_log_entries.go:35: Another log entry!
LNum 2022/08/23 04_printing_line_numbers_in_log_entries.go:31: Mastering Go, 3rd edition!
LNum 2022/08/23 09:50:14 Another log entry!
LNum 2022/08/23 04_printing_line_numbers_in_log_entries.go:31: Mastering Go, 3rd edition!
LNum 2022/08/23 09:50:22 04_printing_line_numbers_in_log_entries.go:35: Another log entry!
LNum 2022/08/23 04_printing_line_numbers_in_log_entries.go:33: Mastering Go, 3rd edition!
LNum 2022/08/23 09:51:10 04_printing_line_numbers_in_log_entries.go:37: Another log entry!
